

Started GET "/assets/rails.png" for 127.0.0.1 at 2012-06-16 23:00:27 +0400
Served asset /rails.png - 200 OK (63ms)


Started GET "/" for 127.0.0.1 at 2012-06-16 23:00:51 +0400

ActionController::RoutingError (No route matches [GET] "/"):
  actionpack (3.2.3) lib/action_dispatch/middleware/debug_exceptions.rb:21:in `call'
  actionpack (3.2.3) lib/action_dispatch/middleware/show_exceptions.rb:56:in `call'
  railties (3.2.3) lib/rails/rack/logger.rb:26:in `call_app'
  railties (3.2.3) lib/rails/rack/logger.rb:16:in `call'
  actionpack (3.2.3) lib/action_dispatch/middleware/request_id.rb:22:in `call'
  rack (1.4.1) lib/rack/methodoverride.rb:21:in `call'
  rack (1.4.1) lib/rack/runtime.rb:17:in `call'
  activesupport (3.2.3) lib/active_support/cache/strategy/local_cache.rb:72:in `call'
  rack (1.4.1) lib/rack/lock.rb:15:in `call'
  actionpack (3.2.3) lib/action_dispatch/middleware/static.rb:62:in `call'
  railties (3.2.3) lib/rails/engine.rb:479:in `call'
  railties (3.2.3) lib/rails/application.rb:220:in `call'
  rack (1.4.1) lib/rack/content_length.rb:14:in `call'
  railties (3.2.3) lib/rails/rack/log_tailer.rb:14:in `call'
  rack (1.4.1) lib/rack/handler/webrick.rb:59:in `service'
  /Users/rromanchuk/.rvm/rubies/ruby-1.9.3-p194/lib/ruby/1.9.1/webrick/httpserver.rb:138:in `service'
  /Users/rromanchuk/.rvm/rubies/ruby-1.9.3-p194/lib/ruby/1.9.1/webrick/httpserver.rb:94:in `run'
  /Users/rromanchuk/.rvm/rubies/ruby-1.9.3-p194/lib/ruby/1.9.1/webrick/server.rb:191:in `block in start_thread'


  Rendered /Users/rromanchuk/.rvm/gems/ruby-1.9.3-p194/gems/actionpack-3.2.3/lib/action_dispatch/middleware/templates/rescues/routing_error.erb within rescues/layout (5.3ms)


Started GET "/" for 127.0.0.1 at 2012-06-16 23:04:28 +0400

ActionController::RoutingError (No route matches [GET] "/"):
  actionpack (3.2.3) lib/action_dispatch/middleware/debug_exceptions.rb:21:in `call'
  actionpack (3.2.3) lib/action_dispatch/middleware/show_exceptions.rb:56:in `call'
  railties (3.2.3) lib/rails/rack/logger.rb:26:in `call_app'
  railties (3.2.3) lib/rails/rack/logger.rb:16:in `call'
  actionpack (3.2.3) lib/action_dispatch/middleware/request_id.rb:22:in `call'
  rack (1.4.1) lib/rack/methodoverride.rb:21:in `call'
  rack (1.4.1) lib/rack/runtime.rb:17:in `call'
  activesupport (3.2.3) lib/active_support/cache/strategy/local_cache.rb:72:in `call'
  rack (1.4.1) lib/rack/lock.rb:15:in `call'
  actionpack (3.2.3) lib/action_dispatch/middleware/static.rb:62:in `call'
  railties (3.2.3) lib/rails/engine.rb:479:in `call'
  railties (3.2.3) lib/rails/application.rb:220:in `call'
  rack (1.4.1) lib/rack/content_length.rb:14:in `call'
  railties (3.2.3) lib/rails/rack/log_tailer.rb:14:in `call'
  rack (1.4.1) lib/rack/handler/webrick.rb:59:in `service'
  /Users/rromanchuk/.rvm/rubies/ruby-1.9.3-p194/lib/ruby/1.9.1/webrick/httpserver.rb:138:in `service'
  /Users/rromanchuk/.rvm/rubies/ruby-1.9.3-p194/lib/ruby/1.9.1/webrick/httpserver.rb:94:in `run'
  /Users/rromanchuk/.rvm/rubies/ruby-1.9.3-p194/lib/ruby/1.9.1/webrick/server.rb:191:in `block in start_thread'


  Rendered /Users/rromanchuk/.rvm/gems/ruby-1.9.3-p194/gems/actionpack-3.2.3/lib/action_dispatch/middleware/templates/rescues/routing_error.erb within rescues/layout (0.9ms)


Started GET "/" for 127.0.0.1 at 2012-06-16 23:05:01 +0400
Processing by PagesController#stripe as HTML
Completed 500 Internal Server Error in 10ms

ActionView::MissingTemplate (Missing template pages/stripe, application/stripe with {:locale=>[:en], :formats=>[:html], :handlers=>[:erb, :builder, :coffee]}. Searched in:
  * "/Users/rromanchuk/dev/tp/app/views"
  * "/Users/rromanchuk/.rvm/gems/ruby-1.9.3-p194/gems/devise-2.1.0/app/views"
):
  actionpack (3.2.3) lib/action_view/path_set.rb:58:in `find'
  actionpack (3.2.3) lib/action_view/lookup_context.rb:109:in `find'
  actionpack (3.2.3) lib/action_view/renderer/abstract_renderer.rb:3:in `find_template'
  actionpack (3.2.3) lib/action_view/renderer/template_renderer.rb:34:in `determine_template'
  actionpack (3.2.3) lib/action_view/renderer/template_renderer.rb:10:in `render'
  actionpack (3.2.3) lib/action_view/renderer/renderer.rb:36:in `render_template'
  actionpack (3.2.3) lib/action_view/renderer/renderer.rb:17:in `render'
  actionpack (3.2.3) lib/abstract_controller/rendering.rb:110:in `_render_template'
  actionpack (3.2.3) lib/action_controller/metal/streaming.rb:225:in `_render_template'
  actionpack (3.2.3) lib/abstract_controller/rendering.rb:103:in `render_to_body'
  actionpack (3.2.3) lib/action_controller/metal/renderers.rb:28:in `render_to_body'
  actionpack (3.2.3) lib/action_controller/metal/compatibility.rb:50:in `render_to_body'
  actionpack (3.2.3) lib/abstract_controller/rendering.rb:88:in `render'
  actionpack (3.2.3) lib/action_controller/metal/rendering.rb:16:in `render'
  actionpack (3.2.3) lib/action_controller/metal/instrumentation.rb:40:in `block (2 levels) in render'
  activesupport (3.2.3) lib/active_support/core_ext/benchmark.rb:5:in `block in ms'
  /Users/rromanchuk/.rvm/rubies/ruby-1.9.3-p194/lib/ruby/1.9.1/benchmark.rb:295:in `realtime'
  activesupport (3.2.3) lib/active_support/core_ext/benchmark.rb:5:in `ms'
  actionpack (3.2.3) lib/action_controller/metal/instrumentation.rb:40:in `block in render'
  actionpack (3.2.3) lib/action_controller/metal/instrumentation.rb:83:in `cleanup_view_runtime'
  activerecord (3.2.3) lib/active_record/railties/controller_runtime.rb:24:in `cleanup_view_runtime'
  actionpack (3.2.3) lib/action_controller/metal/instrumentation.rb:39:in `render'
  actionpack (3.2.3) lib/action_controller/metal/implicit_render.rb:10:in `default_render'
  actionpack (3.2.3) lib/action_controller/metal/implicit_render.rb:5:in `send_action'
  actionpack (3.2.3) lib/abstract_controller/base.rb:167:in `process_action'
  actionpack (3.2.3) lib/action_controller/metal/rendering.rb:10:in `process_action'
  actionpack (3.2.3) lib/abstract_controller/callbacks.rb:18:in `block in process_action'
  activesupport (3.2.3) lib/active_support/callbacks.rb:414:in `_run__4523885729497417067__process_action__241869035522283564__callbacks'
  activesupport (3.2.3) lib/active_support/callbacks.rb:405:in `__run_callback'
  activesupport (3.2.3) lib/active_support/callbacks.rb:385:in `_run_process_action_callbacks'
  activesupport (3.2.3) lib/active_support/callbacks.rb:81:in `run_callbacks'
  actionpack (3.2.3) lib/abstract_controller/callbacks.rb:17:in `process_action'
  actionpack (3.2.3) lib/action_controller/metal/rescue.rb:29:in `process_action'
  actionpack (3.2.3) lib/action_controller/metal/instrumentation.rb:30:in `block in process_action'
  activesupport (3.2.3) lib/active_support/notifications.rb:123:in `block in instrument'
  activesupport (3.2.3) lib/active_support/notifications/instrumenter.rb:20:in `instrument'
  activesupport (3.2.3) lib/active_support/notifications.rb:123:in `instrument'
  actionpack (3.2.3) lib/action_controller/metal/instrumentation.rb:29:in `process_action'
  actionpack (3.2.3) lib/action_controller/metal/params_wrapper.rb:205:in `process_action'
  activerecord (3.2.3) lib/active_record/railties/controller_runtime.rb:18:in `process_action'
  actionpack (3.2.3) lib/abstract_controller/base.rb:121:in `process'
  actionpack (3.2.3) lib/abstract_controller/rendering.rb:45:in `process'
  actionpack (3.2.3) lib/action_controller/metal.rb:203:in `dispatch'
  actionpack (3.2.3) lib/action_controller/metal/rack_delegation.rb:14:in `dispatch'
  actionpack (3.2.3) lib/action_controller/metal.rb:246:in `block in action'
  actionpack (3.2.3) lib/action_dispatch/routing/route_set.rb:73:in `call'
  actionpack (3.2.3) lib/action_dispatch/routing/route_set.rb:73:in `dispatch'
  actionpack (3.2.3) lib/action_dispatch/routing/route_set.rb:36:in `call'
  journey (1.0.3) lib/journey/router.rb:68:in `block in call'
  journey (1.0.3) lib/journey/router.rb:56:in `each'
  journey (1.0.3) lib/journey/router.rb:56:in `call'
  actionpack (3.2.3) lib/action_dispatch/routing/route_set.rb:600:in `call'
  warden (1.1.1) lib/warden/manager.rb:35:in `block in call'
  warden (1.1.1) lib/warden/manager.rb:34:in `catch'
  warden (1.1.1) lib/warden/manager.rb:34:in `call'
  actionpack (3.2.3) lib/action_dispatch/middleware/best_standards_support.rb:17:in `call'
  rack (1.4.1) lib/rack/etag.rb:23:in `call'
  rack (1.4.1) lib/rack/conditionalget.rb:25:in `call'
  actionpack (3.2.3) lib/action_dispatch/middleware/head.rb:14:in `call'
  actionpack (3.2.3) lib/action_dispatch/middleware/params_parser.rb:21:in `call'
  actionpack (3.2.3) lib/action_dispatch/middleware/flash.rb:242:in `call'
  rack (1.4.1) lib/rack/session/abstract/id.rb:205:in `context'
  rack (1.4.1) lib/rack/session/abstract/id.rb:200:in `call'
  actionpack (3.2.3) lib/action_dispatch/middleware/cookies.rb:338:in `call'
  activerecord (3.2.3) lib/active_record/query_cache.rb:64:in `call'
  activerecord (3.2.3) lib/active_record/connection_adapters/abstract/connection_pool.rb:467:in `call'
  actionpack (3.2.3) lib/action_dispatch/middleware/callbacks.rb:28:in `block in call'
  activesupport (3.2.3) lib/active_support/callbacks.rb:405:in `_run__991537950236570301__call__841776354838293399__callbacks'
  activesupport (3.2.3) lib/active_support/callbacks.rb:405:in `__run_callback'
  activesupport (3.2.3) lib/active_support/callbacks.rb:385:in `_run_call_callbacks'
  activesupport (3.2.3) lib/active_support/callbacks.rb:81:in `run_callbacks'
  actionpack (3.2.3) lib/action_dispatch/middleware/callbacks.rb:27:in `call'
  actionpack (3.2.3) lib/action_dispatch/middleware/reloader.rb:65:in `call'
  actionpack (3.2.3) lib/action_dispatch/middleware/remote_ip.rb:31:in `call'
  actionpack (3.2.3) lib/action_dispatch/middleware/debug_exceptions.rb:16:in `call'
  actionpack (3.2.3) lib/action_dispatch/middleware/show_exceptions.rb:56:in `call'
  railties (3.2.3) lib/rails/rack/logger.rb:26:in `call_app'
  railties (3.2.3) lib/rails/rack/logger.rb:16:in `call'
  actionpack (3.2.3) lib/action_dispatch/middleware/request_id.rb:22:in `call'
  rack (1.4.1) lib/rack/methodoverride.rb:21:in `call'
  rack (1.4.1) lib/rack/runtime.rb:17:in `call'
  activesupport (3.2.3) lib/active_support/cache/strategy/local_cache.rb:72:in `call'
  rack (1.4.1) lib/rack/lock.rb:15:in `call'
  actionpack (3.2.3) lib/action_dispatch/middleware/static.rb:62:in `call'
  railties (3.2.3) lib/rails/engine.rb:479:in `call'
  railties (3.2.3) lib/rails/application.rb:220:in `call'
  rack (1.4.1) lib/rack/content_length.rb:14:in `call'
  railties (3.2.3) lib/rails/rack/log_tailer.rb:14:in `call'
  rack (1.4.1) lib/rack/handler/webrick.rb:59:in `service'
  /Users/rromanchuk/.rvm/rubies/ruby-1.9.3-p194/lib/ruby/1.9.1/webrick/httpserver.rb:138:in `service'
  /Users/rromanchuk/.rvm/rubies/ruby-1.9.3-p194/lib/ruby/1.9.1/webrick/httpserver.rb:94:in `run'
  /Users/rromanchuk/.rvm/rubies/ruby-1.9.3-p194/lib/ruby/1.9.1/webrick/server.rb:191:in `block in start_thread'


  Rendered /Users/rromanchuk/.rvm/gems/ruby-1.9.3-p194/gems/actionpack-3.2.3/lib/action_dispatch/middleware/templates/rescues/missing_template.erb within rescues/layout (1.9ms)


Started GET "/" for 127.0.0.1 at 2012-06-16 23:06:49 +0400
Processing by PagesController#stripe as HTML
Completed 500 Internal Server Error in 2ms

ActionView::MissingTemplate (Missing template pages/stripe, application/stripe with {:locale=>[:en], :formats=>[:html], :handlers=>[:erb, :builder, :coffee]}. Searched in:
  * "/Users/rromanchuk/dev/tp/app/views"
  * "/Users/rromanchuk/.rvm/gems/ruby-1.9.3-p194/gems/devise-2.1.0/app/views"
):
  actionpack (3.2.3) lib/action_view/path_set.rb:58:in `find'
  actionpack (3.2.3) lib/action_view/lookup_context.rb:109:in `find'
  actionpack (3.2.3) lib/action_view/renderer/abstract_renderer.rb:3:in `find_template'
  actionpack (3.2.3) lib/action_view/renderer/template_renderer.rb:34:in `determine_template'
  actionpack (3.2.3) lib/action_view/renderer/template_renderer.rb:10:in `render'
  actionpack (3.2.3) lib/action_view/renderer/renderer.rb:36:in `render_template'
  actionpack (3.2.3) lib/action_view/renderer/renderer.rb:17:in `render'
  actionpack (3.2.3) lib/abstract_controller/rendering.rb:110:in `_render_template'
  actionpack (3.2.3) lib/action_controller/metal/streaming.rb:225:in `_render_template'
  actionpack (3.2.3) lib/abstract_controller/rendering.rb:103:in `render_to_body'
  actionpack (3.2.3) lib/action_controller/metal/renderers.rb:28:in `render_to_body'
  actionpack (3.2.3) lib/action_controller/metal/compatibility.rb:50:in `render_to_body'
  actionpack (3.2.3) lib/abstract_controller/rendering.rb:88:in `render'
  actionpack (3.2.3) lib/action_controller/metal/rendering.rb:16:in `render'
  actionpack (3.2.3) lib/action_controller/metal/instrumentation.rb:40:in `block (2 levels) in render'
  activesupport (3.2.3) lib/active_support/core_ext/benchmark.rb:5:in `block in ms'
  /Users/rromanchuk/.rvm/rubies/ruby-1.9.3-p194/lib/ruby/1.9.1/benchmark.rb:295:in `realtime'
  activesupport (3.2.3) lib/active_support/core_ext/benchmark.rb:5:in `ms'
  actionpack (3.2.3) lib/action_controller/metal/instrumentation.rb:40:in `block in render'
  actionpack (3.2.3) lib/action_controller/metal/instrumentation.rb:83:in `cleanup_view_runtime'
  activerecord (3.2.3) lib/active_record/railties/controller_runtime.rb:24:in `cleanup_view_runtime'
  actionpack (3.2.3) lib/action_controller/metal/instrumentation.rb:39:in `render'
  actionpack (3.2.3) lib/action_controller/metal/implicit_render.rb:10:in `default_render'
  actionpack (3.2.3) lib/action_controller/metal/implicit_render.rb:5:in `send_action'
  actionpack (3.2.3) lib/abstract_controller/base.rb:167:in `process_action'
  actionpack (3.2.3) lib/action_controller/metal/rendering.rb:10:in `process_action'
  actionpack (3.2.3) lib/abstract_controller/callbacks.rb:18:in `block in process_action'
  activesupport (3.2.3) lib/active_support/callbacks.rb:414:in `_run__4523885729497417067__process_action__241869035522283564__callbacks'
  activesupport (3.2.3) lib/active_support/callbacks.rb:405:in `__run_callback'
  activesupport (3.2.3) lib/active_support/callbacks.rb:385:in `_run_process_action_callbacks'
  activesupport (3.2.3) lib/active_support/callbacks.rb:81:in `run_callbacks'
  actionpack (3.2.3) lib/abstract_controller/callbacks.rb:17:in `process_action'
  actionpack (3.2.3) lib/action_controller/metal/rescue.rb:29:in `process_action'
  actionpack (3.2.3) lib/action_controller/metal/instrumentation.rb:30:in `block in process_action'
  activesupport (3.2.3) lib/active_support/notifications.rb:123:in `block in instrument'
  activesupport (3.2.3) lib/active_support/notifications/instrumenter.rb:20:in `instrument'
  activesupport (3.2.3) lib/active_support/notifications.rb:123:in `instrument'
  actionpack (3.2.3) lib/action_controller/metal/instrumentation.rb:29:in `process_action'
  actionpack (3.2.3) lib/action_controller/metal/params_wrapper.rb:205:in `process_action'
  activerecord (3.2.3) lib/active_record/railties/controller_runtime.rb:18:in `process_action'
  actionpack (3.2.3) lib/abstract_controller/base.rb:121:in `process'
  actionpack (3.2.3) lib/abstract_controller/rendering.rb:45:in `process'
  actionpack (3.2.3) lib/action_controller/metal.rb:203:in `dispatch'
  actionpack (3.2.3) lib/action_controller/metal/rack_delegation.rb:14:in `dispatch'
  actionpack (3.2.3) lib/action_controller/metal.rb:246:in `block in action'
  actionpack (3.2.3) lib/action_dispatch/routing/route_set.rb:73:in `call'
  actionpack (3.2.3) lib/action_dispatch/routing/route_set.rb:73:in `dispatch'
  actionpack (3.2.3) lib/action_dispatch/routing/route_set.rb:36:in `call'
  journey (1.0.3) lib/journey/router.rb:68:in `block in call'
  journey (1.0.3) lib/journey/router.rb:56:in `each'
  journey (1.0.3) lib/journey/router.rb:56:in `call'
  actionpack (3.2.3) lib/action_dispatch/routing/route_set.rb:600:in `call'
  warden (1.1.1) lib/warden/manager.rb:35:in `block in call'
  warden (1.1.1) lib/warden/manager.rb:34:in `catch'
  warden (1.1.1) lib/warden/manager.rb:34:in `call'
  actionpack (3.2.3) lib/action_dispatch/middleware/best_standards_support.rb:17:in `call'
  rack (1.4.1) lib/rack/etag.rb:23:in `call'
  rack (1.4.1) lib/rack/conditionalget.rb:25:in `call'
  actionpack (3.2.3) lib/action_dispatch/middleware/head.rb:14:in `call'
  actionpack (3.2.3) lib/action_dispatch/middleware/params_parser.rb:21:in `call'
  actionpack (3.2.3) lib/action_dispatch/middleware/flash.rb:242:in `call'
  rack (1.4.1) lib/rack/session/abstract/id.rb:205:in `context'
  rack (1.4.1) lib/rack/session/abstract/id.rb:200:in `call'
  actionpack (3.2.3) lib/action_dispatch/middleware/cookies.rb:338:in `call'
  activerecord (3.2.3) lib/active_record/query_cache.rb:64:in `call'
  activerecord (3.2.3) lib/active_record/connection_adapters/abstract/connection_pool.rb:467:in `call'
  actionpack (3.2.3) lib/action_dispatch/middleware/callbacks.rb:28:in `block in call'
  activesupport (3.2.3) lib/active_support/callbacks.rb:405:in `_run__991537950236570301__call__841776354838293399__callbacks'
  activesupport (3.2.3) lib/active_support/callbacks.rb:405:in `__run_callback'
  activesupport (3.2.3) lib/active_support/callbacks.rb:385:in `_run_call_callbacks'
  activesupport (3.2.3) lib/active_support/callbacks.rb:81:in `run_callbacks'
  actionpack (3.2.3) lib/action_dispatch/middleware/callbacks.rb:27:in `call'
  actionpack (3.2.3) lib/action_dispatch/middleware/reloader.rb:65:in `call'
  actionpack (3.2.3) lib/action_dispatch/middleware/remote_ip.rb:31:in `call'
  actionpack (3.2.3) lib/action_dispatch/middleware/debug_exceptions.rb:16:in `call'
  actionpack (3.2.3) lib/action_dispatch/middleware/show_exceptions.rb:56:in `call'
  railties (3.2.3) lib/rails/rack/logger.rb:26:in `call_app'
  railties (3.2.3) lib/rails/rack/logger.rb:16:in `call'
  actionpack (3.2.3) lib/action_dispatch/middleware/request_id.rb:22:in `call'
  rack (1.4.1) lib/rack/methodoverride.rb:21:in `call'
  rack (1.4.1) lib/rack/runtime.rb:17:in `call'
  activesupport (3.2.3) lib/active_support/cache/strategy/local_cache.rb:72:in `call'
  rack (1.4.1) lib/rack/lock.rb:15:in `call'
  actionpack (3.2.3) lib/action_dispatch/middleware/static.rb:62:in `call'
  railties (3.2.3) lib/rails/engine.rb:479:in `call'
  railties (3.2.3) lib/rails/application.rb:220:in `call'
  rack (1.4.1) lib/rack/content_length.rb:14:in `call'
  railties (3.2.3) lib/rails/rack/log_tailer.rb:14:in `call'
  rack (1.4.1) lib/rack/handler/webrick.rb:59:in `service'
  /Users/rromanchuk/.rvm/rubies/ruby-1.9.3-p194/lib/ruby/1.9.1/webrick/httpserver.rb:138:in `service'
  /Users/rromanchuk/.rvm/rubies/ruby-1.9.3-p194/lib/ruby/1.9.1/webrick/httpserver.rb:94:in `run'
  /Users/rromanchuk/.rvm/rubies/ruby-1.9.3-p194/lib/ruby/1.9.1/webrick/server.rb:191:in `block in start_thread'


  Rendered /Users/rromanchuk/.rvm/gems/ruby-1.9.3-p194/gems/actionpack-3.2.3/lib/action_dispatch/middleware/templates/rescues/missing_template.erb within rescues/layout (0.7ms)


Started GET "/" for 127.0.0.1 at 2012-06-16 23:08:20 +0400
Processing by PagesController#stripe as HTML
  Rendered pages/stripe.html.haml within layouts/application (1.2ms)
Compiled application.css  (1ms)  (pid 41992)
Compiled jquery.js  (4ms)  (pid 41992)
Compiled jquery_ujs.js  (0ms)  (pid 41992)
Compiled application.js  (118ms)  (pid 41992)
Completed 200 OK in 281ms (Views: 280.3ms | ActiveRecord: 0.0ms)


Started GET "/assets/application.js?body=1" for 127.0.0.1 at 2012-06-16 23:08:21 +0400
Served asset /application.js - 200 OK (14ms)


Started GET "/assets/jquery.js?body=1" for 127.0.0.1 at 2012-06-16 23:08:21 +0400
Served asset /jquery.js - 200 OK (4ms)


Started GET "/assets/jquery_ujs.js?body=1" for 127.0.0.1 at 2012-06-16 23:08:21 +0400
Served asset /jquery_ujs.js - 200 OK (3ms)


Started GET "/assets/application.css?body=1" for 127.0.0.1 at 2012-06-16 23:08:21 +0400
Served asset /application.css - 200 OK (8ms)


Started GET "/" for 127.0.0.1 at 2012-06-16 23:17:41 +0400
Processing by PagesController#stripe as HTML
  Rendered pages/stripe.html.haml within layouts/application (0.2ms)
Completed 500 Internal Server Error in 16ms

ActionView::Template::Error (uninitialized constant ActionView::CompiledTemplates::CONFIG):
    11:         <script type="text/javascript" src="https://ajax.googleapis.com/ajax/libs/jquery/1.6.2/jquery.min.js"></script>
    12:         <script type="text/javascript">
    13:             // this identifies your website in the createToken call below
    14:             Stripe.setPublishableKey('<%= CONFIG[:stripe_token] %>');
    15: 
    16:             function stripeResponseHandler(status, response) {
    17:                 if (response.error) {
  app/views/layouts/application.html.erb:14:in `_app_views_layouts_application_html_erb___34485754148071677_70348174745660'


  Rendered /Users/rromanchuk/.rvm/gems/ruby-1.9.3-p194/gems/actionpack-3.2.3/lib/action_dispatch/middleware/templates/rescues/_trace.erb (8.1ms)
  Rendered /Users/rromanchuk/.rvm/gems/ruby-1.9.3-p194/gems/actionpack-3.2.3/lib/action_dispatch/middleware/templates/rescues/_request_and_response.erb (1.9ms)
  Rendered /Users/rromanchuk/.rvm/gems/ruby-1.9.3-p194/gems/actionpack-3.2.3/lib/action_dispatch/middleware/templates/rescues/template_error.erb within rescues/layout (29.4ms)


Started GET "/" for 127.0.0.1 at 2012-06-16 23:19:10 +0400
Processing by PagesController#stripe as HTML
  Rendered pages/stripe.html.haml within layouts/application (0.2ms)
Completed 500 Internal Server Error in 12ms

ActionView::Template::Error (uninitialized constant ActionView::CompiledTemplates::CONFIG):
    11:         <script type="text/javascript" src="https://ajax.googleapis.com/ajax/libs/jquery/1.6.2/jquery.min.js"></script>
    12:         <script type="text/javascript">
    13:             // this identifies your website in the createToken call below
    14:             Stripe.setPublishableKey("<%= CONFIG[:stripe_token] %>");
    15: 
    16:             function stripeResponseHandler(status, response) {
    17:                 if (response.error) {
  app/views/layouts/application.html.erb:14:in `_app_views_layouts_application_html_erb___34485754148071677_70348175106360'


  Rendered /Users/rromanchuk/.rvm/gems/ruby-1.9.3-p194/gems/actionpack-3.2.3/lib/action_dispatch/middleware/templates/rescues/_trace.erb (8.4ms)
  Rendered /Users/rromanchuk/.rvm/gems/ruby-1.9.3-p194/gems/actionpack-3.2.3/lib/action_dispatch/middleware/templates/rescues/_request_and_response.erb (1.7ms)
  Rendered /Users/rromanchuk/.rvm/gems/ruby-1.9.3-p194/gems/actionpack-3.2.3/lib/action_dispatch/middleware/templates/rescues/template_error.erb within rescues/layout (23.6ms)


Started GET "/" for 127.0.0.1 at 2012-06-16 23:20:21 +0400
Processing by PagesController#stripe as HTML
  Rendered pages/stripe.html.haml within layouts/application (1.7ms)
Completed 200 OK in 118ms (Views: 117.1ms | ActiveRecord: 0.0ms)


Started GET "/" for 127.0.0.1 at 2012-06-16 23:20:51 +0400
Processing by PagesController#stripe as HTML
  Rendered pages/stripe.html.haml within layouts/application (0.2ms)
Completed 200 OK in 9ms (Views: 8.4ms | ActiveRecord: 0.0ms)


Started GET "/" for 127.0.0.1 at 2012-06-16 23:42:26 +0400
Processing by PagesController#stripe as HTML
  Rendered pages/stripe.html.haml within layouts/application (0.4ms)
Completed 200 OK in 15ms (Views: 13.1ms | ActiveRecord: 0.0ms)


Started GET "/assets/application.css?body=1" for 127.0.0.1 at 2012-06-16 23:42:27 +0400
Served asset /application.css - 304 Not Modified (8ms)


Started GET "/assets/jquery_ujs.js?body=1" for 127.0.0.1 at 2012-06-16 23:42:27 +0400
Served asset /jquery_ujs.js - 304 Not Modified (5ms)


Started GET "/assets/jquery.js?body=1" for 127.0.0.1 at 2012-06-16 23:42:27 +0400
Served asset /jquery.js - 304 Not Modified (13ms)


Started GET "/assets/application.js?body=1" for 127.0.0.1 at 2012-06-16 23:42:27 +0400
Served asset /application.js - 304 Not Modified (13ms)


Started GET "/" for 127.0.0.1 at 2012-06-16 23:57:37 +0400
Processing by PagesController#stripe as HTML
  Rendered pages/stripe.html.haml within layouts/application (2.3ms)
Completed 200 OK in 62ms (Views: 56.5ms | ActiveRecord: 0.0ms)


Started GET "/assets/application.css?body=1" for 127.0.0.1 at 2012-06-16 23:57:38 +0400
Served asset /application.css - 200 OK (1ms)


Started GET "/assets/jquery.js?body=1" for 127.0.0.1 at 2012-06-16 23:57:38 +0400
Served asset /jquery.js - 200 OK (0ms)


Started GET "/assets/jquery_ujs.js?body=1" for 127.0.0.1 at 2012-06-16 23:57:38 +0400
Served asset /jquery_ujs.js - 200 OK (0ms)


Started GET "/assets/application.js?body=1" for 127.0.0.1 at 2012-06-16 23:57:38 +0400
Served asset /application.js - 200 OK (2ms)
  [1m[36m (118.3ms)[0m  [1mDROP DATABASE IF EXISTS `tp_development`[0m
  [1m[35m (10.1ms)[0m  DROP DATABASE IF EXISTS `tp_test`
  [1m[36m (0.3ms)[0m  [1mCREATE DATABASE `tp_development` DEFAULT CHARACTER SET `utf8` COLLATE `utf8_unicode_ci`[0m
  [1m[35m (0.3ms)[0m  CREATE DATABASE `tp_test` DEFAULT CHARACTER SET `utf8` COLLATE `utf8_unicode_ci`
  [1m[36m (148.0ms)[0m  [1mCREATE TABLE `schema_migrations` (`version` varchar(255) NOT NULL) ENGINE=InnoDB[0m
  [1m[35m (196.8ms)[0m  CREATE UNIQUE INDEX `unique_schema_migrations` ON `schema_migrations` (`version`)
  [1m[36m (1.0ms)[0m  [1mSELECT `schema_migrations`.`version` FROM `schema_migrations` [0m
Migrating to CreateOrdersTable (20120601212031)
  [1m[35m (199.2ms)[0m  CREATE TABLE `orders` (`id` int(11) DEFAULT NULL auto_increment PRIMARY KEY, `customer_id` varchar(255), `name` varchar(255), `address1` varchar(255), `address2` varchar(255), `city` varchar(255), `state` varchar(255), `country` varchar(255), `zip` varchar(255), `phone` varchar(255), `email` varchar(255), `created_at` datetime NOT NULL, `updated_at` datetime NOT NULL) ENGINE=InnoDB
  [1m[36m (0.8ms)[0m  [1mINSERT INTO `schema_migrations` (`version`) VALUES ('20120601212031')[0m
Migrating to CreateItemsTable (20121105115543)
  [1m[35m (135.3ms)[0m  CREATE TABLE `items` (`id` int(11) DEFAULT NULL auto_increment PRIMARY KEY, `order_id` int(11), `sku` varchar(255), `quantity` int(11)) ENGINE=InnoDB
  [1m[36m (127.3ms)[0m  [1mCREATE INDEX `index_items_on_order_id` ON `items` (`order_id`)[0m
  [1m[35m (0.4ms)[0m  INSERT INTO `schema_migrations` (`version`) VALUES ('20121105115543')
  [1m[36m (0.2ms)[0m  [1mSELECT `schema_migrations`.`version` FROM `schema_migrations` [0m


Started POST "/api/orders/" for 127.0.0.1 at 2012-11-05 16:49:56 +0400

LoadError (Expected /Users/ryan/dev/tp/app/controllers/api/base_controller.rb to define Api::BaseController):
  app/controllers/api/orders_controller.rb:1:in `<top (required)>'


  Rendered /Users/ryan/.rvm/gems/ruby-1.9.3-p194/gems/actionpack-3.2.3/lib/action_dispatch/middleware/templates/rescues/_trace.erb (2.1ms)
  Rendered /Users/ryan/.rvm/gems/ruby-1.9.3-p194/gems/actionpack-3.2.3/lib/action_dispatch/middleware/templates/rescues/_request_and_response.erb (2.9ms)
  Rendered /Users/ryan/.rvm/gems/ruby-1.9.3-p194/gems/actionpack-3.2.3/lib/action_dispatch/middleware/templates/rescues/diagnostics.erb within rescues/layout (18.7ms)


Started POST "/orders/" for 127.0.0.1 at 2012-11-05 16:53:55 +0400
Processing by OrdersController#create as */*
  Parameters: {"test"=>"address1", "name"=>"ryan romanchuk"}
Completed 500 Internal Server Error in 4ms

ActionView::MissingTemplate (Missing template orders/create with {:locale=>[:en], :formats=>[:html, :text, :js, :css, :ics, :csv, :png, :jpeg, :gif, :bmp, :tiff, :mpeg, :xml, :rss, :atom, :yaml, :multipart_form, :url_encoded_form, :json, :pdf, :zip], :handlers=>[:erb, :builder, :coffee, :haml]}. Searched in:
  * "/Users/ryan/dev/tp/app/views"
  * "/Users/ryan/.rvm/gems/ruby-1.9.3-p194/gems/devise-2.1.2/app/views"
):
  actionpack (3.2.3) lib/action_view/path_set.rb:58:in `find'
  actionpack (3.2.3) lib/action_view/lookup_context.rb:109:in `find'
  actionpack (3.2.3) lib/action_view/renderer/abstract_renderer.rb:3:in `find_template'
  actionpack (3.2.3) lib/action_view/renderer/template_renderer.rb:34:in `determine_template'
  actionpack (3.2.3) lib/action_view/renderer/template_renderer.rb:10:in `render'
  actionpack (3.2.3) lib/action_view/renderer/renderer.rb:36:in `render_template'
  actionpack (3.2.3) lib/action_view/renderer/renderer.rb:17:in `render'
  actionpack (3.2.3) lib/abstract_controller/rendering.rb:110:in `_render_template'
  actionpack (3.2.3) lib/action_controller/metal/streaming.rb:225:in `_render_template'
  actionpack (3.2.3) lib/abstract_controller/rendering.rb:103:in `render_to_body'
  actionpack (3.2.3) lib/action_controller/metal/renderers.rb:28:in `render_to_body'
  actionpack (3.2.3) lib/action_controller/metal/compatibility.rb:50:in `render_to_body'
  actionpack (3.2.3) lib/abstract_controller/rendering.rb:88:in `render'
  actionpack (3.2.3) lib/action_controller/metal/rendering.rb:16:in `render'
  actionpack (3.2.3) lib/action_controller/metal/instrumentation.rb:40:in `block (2 levels) in render'
  activesupport (3.2.3) lib/active_support/core_ext/benchmark.rb:5:in `block in ms'
  /Users/ryan/.rvm/rubies/ruby-1.9.3-p194/lib/ruby/1.9.1/benchmark.rb:295:in `realtime'
  activesupport (3.2.3) lib/active_support/core_ext/benchmark.rb:5:in `ms'
  actionpack (3.2.3) lib/action_controller/metal/instrumentation.rb:40:in `block in render'
  actionpack (3.2.3) lib/action_controller/metal/instrumentation.rb:83:in `cleanup_view_runtime'
  activerecord (3.2.3) lib/active_record/railties/controller_runtime.rb:24:in `cleanup_view_runtime'
  actionpack (3.2.3) lib/action_controller/metal/instrumentation.rb:39:in `render'
  actionpack (3.2.3) lib/action_controller/metal/implicit_render.rb:10:in `default_render'
  actionpack (3.2.3) lib/action_controller/metal/implicit_render.rb:5:in `send_action'
  actionpack (3.2.3) lib/abstract_controller/base.rb:167:in `process_action'
  actionpack (3.2.3) lib/action_controller/metal/rendering.rb:10:in `process_action'
  actionpack (3.2.3) lib/abstract_controller/callbacks.rb:18:in `block in process_action'
  activesupport (3.2.3) lib/active_support/callbacks.rb:403:in `_run__150733200528903064__process_action__2362042781289102674__callbacks'
  activesupport (3.2.3) lib/active_support/callbacks.rb:405:in `__run_callback'
  activesupport (3.2.3) lib/active_support/callbacks.rb:385:in `_run_process_action_callbacks'
  activesupport (3.2.3) lib/active_support/callbacks.rb:81:in `run_callbacks'
  actionpack (3.2.3) lib/abstract_controller/callbacks.rb:17:in `process_action'
  actionpack (3.2.3) lib/action_controller/metal/rescue.rb:29:in `process_action'
  actionpack (3.2.3) lib/action_controller/metal/instrumentation.rb:30:in `block in process_action'
  activesupport (3.2.3) lib/active_support/notifications.rb:123:in `block in instrument'
  activesupport (3.2.3) lib/active_support/notifications/instrumenter.rb:20:in `instrument'
  activesupport (3.2.3) lib/active_support/notifications.rb:123:in `instrument'
  actionpack (3.2.3) lib/action_controller/metal/instrumentation.rb:29:in `process_action'
  actionpack (3.2.3) lib/action_controller/metal/params_wrapper.rb:205:in `process_action'
  activerecord (3.2.3) lib/active_record/railties/controller_runtime.rb:18:in `process_action'
  actionpack (3.2.3) lib/abstract_controller/base.rb:121:in `process'
  actionpack (3.2.3) lib/abstract_controller/rendering.rb:45:in `process'
  actionpack (3.2.3) lib/action_controller/metal.rb:203:in `dispatch'
  actionpack (3.2.3) lib/action_controller/metal/rack_delegation.rb:14:in `dispatch'
  actionpack (3.2.3) lib/action_controller/metal.rb:246:in `block in action'
  actionpack (3.2.3) lib/action_dispatch/routing/route_set.rb:73:in `call'
  actionpack (3.2.3) lib/action_dispatch/routing/route_set.rb:73:in `dispatch'
  actionpack (3.2.3) lib/action_dispatch/routing/route_set.rb:36:in `call'
  journey (1.0.4) lib/journey/router.rb:68:in `block in call'
  journey (1.0.4) lib/journey/router.rb:56:in `each'
  journey (1.0.4) lib/journey/router.rb:56:in `call'
  actionpack (3.2.3) lib/action_dispatch/routing/route_set.rb:600:in `call'
  sass (3.1.20) lib/sass/plugin/rack.rb:54:in `call'
  warden (1.2.1) lib/warden/manager.rb:35:in `block in call'
  warden (1.2.1) lib/warden/manager.rb:34:in `catch'
  warden (1.2.1) lib/warden/manager.rb:34:in `call'
  actionpack (3.2.3) lib/action_dispatch/middleware/best_standards_support.rb:17:in `call'
  rack (1.4.1) lib/rack/etag.rb:23:in `call'
  rack (1.4.1) lib/rack/conditionalget.rb:35:in `call'
  actionpack (3.2.3) lib/action_dispatch/middleware/head.rb:14:in `call'
  actionpack (3.2.3) lib/action_dispatch/middleware/params_parser.rb:21:in `call'
  actionpack (3.2.3) lib/action_dispatch/middleware/flash.rb:242:in `call'
  rack (1.4.1) lib/rack/session/abstract/id.rb:205:in `context'
  rack (1.4.1) lib/rack/session/abstract/id.rb:200:in `call'
  actionpack (3.2.3) lib/action_dispatch/middleware/cookies.rb:338:in `call'
  activerecord (3.2.3) lib/active_record/query_cache.rb:64:in `call'
  activerecord (3.2.3) lib/active_record/connection_adapters/abstract/connection_pool.rb:467:in `call'
  actionpack (3.2.3) lib/action_dispatch/middleware/callbacks.rb:28:in `block in call'
  activesupport (3.2.3) lib/active_support/callbacks.rb:405:in `_run__1842862789493487246__call__3707477643747488567__callbacks'
  activesupport (3.2.3) lib/active_support/callbacks.rb:405:in `__run_callback'
  activesupport (3.2.3) lib/active_support/callbacks.rb:385:in `_run_call_callbacks'
  activesupport (3.2.3) lib/active_support/callbacks.rb:81:in `run_callbacks'
  actionpack (3.2.3) lib/action_dispatch/middleware/callbacks.rb:27:in `call'
  actionpack (3.2.3) lib/action_dispatch/middleware/reloader.rb:65:in `call'
  actionpack (3.2.3) lib/action_dispatch/middleware/remote_ip.rb:31:in `call'
  actionpack (3.2.3) lib/action_dispatch/middleware/debug_exceptions.rb:16:in `call'
  actionpack (3.2.3) lib/action_dispatch/middleware/show_exceptions.rb:56:in `call'
  railties (3.2.3) lib/rails/rack/logger.rb:26:in `call_app'
  railties (3.2.3) lib/rails/rack/logger.rb:16:in `call'
  actionpack (3.2.3) lib/action_dispatch/middleware/request_id.rb:22:in `call'
  rack (1.4.1) lib/rack/methodoverride.rb:21:in `call'
  rack (1.4.1) lib/rack/runtime.rb:17:in `call'
  activesupport (3.2.3) lib/active_support/cache/strategy/local_cache.rb:72:in `call'
  rack (1.4.1) lib/rack/lock.rb:15:in `call'
  actionpack (3.2.3) lib/action_dispatch/middleware/static.rb:62:in `call'
  railties (3.2.3) lib/rails/engine.rb:479:in `call'
  railties (3.2.3) lib/rails/application.rb:220:in `call'
  rack (1.4.1) lib/rack/content_length.rb:14:in `call'
  railties (3.2.3) lib/rails/rack/log_tailer.rb:14:in `call'
  rack (1.4.1) lib/rack/handler/webrick.rb:59:in `service'
  /Users/ryan/.rvm/rubies/ruby-1.9.3-p194/lib/ruby/1.9.1/webrick/httpserver.rb:138:in `service'
  /Users/ryan/.rvm/rubies/ruby-1.9.3-p194/lib/ruby/1.9.1/webrick/httpserver.rb:94:in `run'
  /Users/ryan/.rvm/rubies/ruby-1.9.3-p194/lib/ruby/1.9.1/webrick/server.rb:191:in `block in start_thread'


  Rendered /Users/ryan/.rvm/gems/ruby-1.9.3-p194/gems/actionpack-3.2.3/lib/action_dispatch/middleware/templates/rescues/missing_template.erb within rescues/layout (0.4ms)


Started POST "/orders/" for 127.0.0.1 at 2012-11-05 16:59:53 +0400
Processing by OrdersController#create as */*
  Parameters: {"test"=>"address1", "name"=>"ryan romanchuk"}
Completed 500 Internal Server Error in 56ms

ActiveModel::MassAssignmentSecurity::Error (Can't mass-assign protected attributes: name):
  app/controllers/orders_controller.rb:5:in `new'
  app/controllers/orders_controller.rb:5:in `create'


  Rendered /Users/ryan/.rvm/gems/ruby-1.9.3-p194/gems/actionpack-3.2.3/lib/action_dispatch/middleware/templates/rescues/_trace.erb (2.5ms)
  Rendered /Users/ryan/.rvm/gems/ruby-1.9.3-p194/gems/actionpack-3.2.3/lib/action_dispatch/middleware/templates/rescues/_request_and_response.erb (1.0ms)
  Rendered /Users/ryan/.rvm/gems/ruby-1.9.3-p194/gems/actionpack-3.2.3/lib/action_dispatch/middleware/templates/rescues/diagnostics.erb within rescues/layout (15.6ms)


Started POST "/orders/" for 127.0.0.1 at 2012-11-05 17:08:59 +0400
Processing by OrdersController#create as */*
  Parameters: {"test"=>"address1", "name"=>"ryan romanchuk"}
  Rendered orders/create.json.rabl (1.3ms)
Completed 200 OK in 45ms (Views: 16.1ms | ActiveRecord: 14.7ms)


Started POST "/orders/" for 127.0.0.1 at 2012-11-05 17:51:27 +0400
Processing by OrdersController#create as */*
  Parameters: {"name"=>"Ryan"}
  Rendered orders/create.json.rabl (0.6ms)
Completed 200 OK in 10ms (Views: 2.1ms | ActiveRecord: 0.0ms)


Started POST "/orders/" for 127.0.0.1 at 2012-11-05 17:54:04 +0400
Processing by OrdersController#create as */*
  Parameters: {"name"=>"ryan"}
  Rendered orders/create.json.rabl (0.3ms)
Completed 200 OK in 2ms (Views: 1.3ms | ActiveRecord: 0.0ms)


Started POST "/orders/" for 127.0.0.1 at 2012-11-05 18:01:37 +0400
Processing by OrdersController#create as */*
  Parameters: {"name"=>""}
  Rendered orders/create.json.rabl (0.2ms)
Completed 200 OK in 2ms (Views: 1.3ms | ActiveRecord: 0.0ms)


Started POST "/orders/" for 127.0.0.1 at 2012-11-05 18:01:55 +0400
Processing by OrdersController#create as */*
  Parameters: {"name"=>"sfsdkfjsdkl"}
  Rendered orders/create.json.rabl (0.3ms)
Completed 200 OK in 2ms (Views: 1.4ms | ActiveRecord: 0.0ms)


Started POST "/orders/" for 127.0.0.1 at 2012-11-05 18:05:32 +0400
Processing by OrdersController#create as */*
  Parameters: {"name"=>"fjkds fdskfjlskfd"}
  Rendered orders/create.json.rabl (0.2ms)
Completed 200 OK in 2ms (Views: 1.2ms | ActiveRecord: 0.0ms)


Started POST "/orders/" for 127.0.0.1 at 2012-11-05 18:06:21 +0400
Processing by OrdersController#create as */*
  Parameters: {"name"=>"xvc sfdfsdf "}
  Rendered orders/create.json.rabl (0.3ms)
Completed 200 OK in 2ms (Views: 1.4ms | ActiveRecord: 0.0ms)


Started POST "/orders/" for 127.0.0.1 at 2012-11-05 18:23:37 +0400
Processing by OrdersController#create as */*
  Parameters: {"name"=>"sdfsdfsdf ", "address1"=>"fsdf sdf"}
  Rendered orders/create.json.rabl (0.3ms)
Completed 200 OK in 2ms (Views: 1.2ms | ActiveRecord: 0.0ms)


Started POST "/orders/" for 127.0.0.1 at 2012-11-05 18:26:22 +0400
Processing by OrdersController#create as */*
  Parameters: {"name"=>"fsfdsdf", "address1"=>"sdfds"}
  Rendered orders/create.json.rabl (0.2ms)
Completed 200 OK in 2ms (Views: 1.2ms | ActiveRecord: 0.0ms)
  [1m[36m (118.6ms)[0m  [1mDROP DATABASE IF EXISTS `tp_development`[0m
  [1m[35m (0.3ms)[0m  DROP DATABASE IF EXISTS `tp_test`
  [1m[36m (0.3ms)[0m  [1mCREATE DATABASE `tp_development` DEFAULT CHARACTER SET `utf8` COLLATE `utf8_unicode_ci`[0m
  [1m[35m (0.2ms)[0m  CREATE DATABASE `tp_test` DEFAULT CHARACTER SET `utf8` COLLATE `utf8_unicode_ci`
  [1m[36m (199.0ms)[0m  [1mCREATE TABLE `items` (`id` int(11) DEFAULT NULL auto_increment PRIMARY KEY, `order_id` int(11), `sku` varchar(255), `quantity` int(11)) ENGINE=InnoDB[0m
  [1m[35m (205.2ms)[0m  CREATE INDEX `index_items_on_order_id` ON `items` (`order_id`)
  [1m[36m (130.5ms)[0m  [1mCREATE TABLE `orders` (`id` int(11) DEFAULT NULL auto_increment PRIMARY KEY, `customer_id` varchar(255), `name` varchar(255), `address1` varchar(255), `address2` varchar(255), `city` varchar(255), `state` varchar(255), `country` varchar(255), `zip` varchar(255), `phone` varchar(255), `email` varchar(255), `created_at` datetime NOT NULL, `updated_at` datetime NOT NULL) ENGINE=InnoDB[0m
  [1m[35m (142.3ms)[0m  CREATE TABLE `schema_migrations` (`version` varchar(255) NOT NULL) ENGINE=InnoDB
  [1m[36m (222.3ms)[0m  [1mCREATE UNIQUE INDEX `unique_schema_migrations` ON `schema_migrations` (`version`)[0m
  [1m[35m (0.1ms)[0m  SELECT version FROM `schema_migrations`
  [1m[36m (8.3ms)[0m  [1mINSERT INTO `schema_migrations` (version) VALUES ('20121105115543')[0m
  [1m[35m (7.8ms)[0m  INSERT INTO `schema_migrations` (version) VALUES ('20120601212031')
  [1m[36m (0.1ms)[0m  [1mSELECT `schema_migrations`.`version` FROM `schema_migrations` [0m
  [1m[36m (0.2ms)[0m  [1mSELECT `schema_migrations`.`version` FROM `schema_migrations` [0m
Migrating to CreateOrdersTable (20120601212031)
Migrating to CreateItemsTable (20121105115543)
Migrating to CreateUsersTable (20121105130214)
  [1m[35m (72.0ms)[0m  CREATE TABLE `users` (`id` int(11) DEFAULT NULL auto_increment PRIMARY KEY, `stripe_customer_id` varchar(255)) ENGINE=InnoDB
  [1m[36m (205.4ms)[0m  [1mCREATE INDEX `index_users_on_stripe_customer_id` ON `users` (`stripe_customer_id`)[0m
  [1m[35m (1.2ms)[0m  INSERT INTO `schema_migrations` (`version`) VALUES ('20121105130214')
  [1m[36m (0.2ms)[0m  [1mSELECT `schema_migrations`.`version` FROM `schema_migrations` [0m


Started POST "/orders/" for 127.0.0.1 at 2012-11-05 18:33:34 +0400
Processing by OrdersController#create as */*
  Parameters: {"name"=>"fjlkfsd fdjklds", "address1"=>"sjkdlfsdf"}
  [1m[36mUser Load (62.8ms)[0m  [1mSELECT `users`.* FROM `users` WHERE `users`.`stripe_customer_id` IS NULL LIMIT 1[0m
  [1m[35m (0.1ms)[0m  BEGIN
  [1m[36mSQL (96.5ms)[0m  [1mINSERT INTO `users` (`stripe_customer_id`) VALUES (NULL)[0m
  [1m[35m (0.5ms)[0m  COMMIT
  [1m[36m (0.1ms)[0m  [1mBEGIN[0m
DEPRECATION WARNING: You're trying to create an attribute `user_id'. Writing arbitrary attributes on a model is deprecated. Please just use `attr_writer` etc. (called from create at /Users/ryan/dev/tp/app/controllers/orders_controller.rb:8)
  [1m[35mSQL (15.3ms)[0m  INSERT INTO `orders` (`address1`, `address2`, `city`, `country`, `created_at`, `customer_id`, `email`, `name`, `phone`, `state`, `updated_at`, `zip`) VALUES ('sjkdlfsdf', NULL, NULL, NULL, '2012-11-05 14:33:35', NULL, NULL, 'fjlkfsd fdjklds', NULL, NULL, '2012-11-05 14:33:35', NULL)
  [1m[36m (0.5ms)[0m  [1mCOMMIT[0m
  Rendered orders/create.json.rabl (0.9ms)
Completed 200 OK in 369ms (Views: 2.5ms | ActiveRecord: 180.2ms)


Started POST "/orders/" for 127.0.0.1 at 2012-11-05 18:47:33 +0400
Processing by OrdersController#create as */*
  Parameters: {"name"=>"test", "address1"=>"test"}
  [1m[35mUser Load (21.4ms)[0m  SELECT `users`.* FROM `users` WHERE `users`.`stripe_customer_id` IS NULL LIMIT 1
  [1m[36m (0.1ms)[0m  [1mBEGIN[0m
DEPRECATION WARNING: You're trying to create an attribute `user_id'. Writing arbitrary attributes on a model is deprecated. Please just use `attr_writer` etc. (called from create at /Users/ryan/dev/tp/app/controllers/orders_controller.rb:8)
  [1m[35mSQL (20.2ms)[0m  INSERT INTO `orders` (`address1`, `address2`, `city`, `country`, `created_at`, `customer_id`, `email`, `name`, `phone`, `state`, `updated_at`, `zip`) VALUES ('test', NULL, NULL, NULL, '2012-11-05 14:47:33', NULL, NULL, 'test', NULL, NULL, '2012-11-05 14:47:33', NULL)
  [1m[36m (0.4ms)[0m  [1mCOMMIT[0m
  Rendered orders/create.json.rabl (0.4ms)
Completed 200 OK in 47ms (Views: 1.6ms | ActiveRecord: 42.1ms)


Started POST "/orders/" for 127.0.0.1 at 2012-11-05 18:51:42 +0400
Processing by OrdersController#create as */*
  Parameters: {"stripe_customer_id"=>"cus_0gCrWfFez2jAMy", "name"=>"sfsdfsd", "address1"=>"fdsfs"}
  [1m[35mUser Load (0.5ms)[0m  SELECT `users`.* FROM `users` WHERE `users`.`stripe_customer_id` = 'cus_0gCrWfFez2jAMy' LIMIT 1
  [1m[36m (0.1ms)[0m  [1mBEGIN[0m
  [1m[35mSQL (38.7ms)[0m  INSERT INTO `users` (`stripe_customer_id`) VALUES ('cus_0gCrWfFez2jAMy')
  [1m[36m (7.3ms)[0m  [1mCOMMIT[0m
  [1m[35m (0.1ms)[0m  BEGIN
DEPRECATION WARNING: You're trying to create an attribute `user_id'. Writing arbitrary attributes on a model is deprecated. Please just use `attr_writer` etc. (called from create at /Users/ryan/dev/tp/app/controllers/orders_controller.rb:8)
  [1m[36mSQL (0.8ms)[0m  [1mINSERT INTO `orders` (`address1`, `address2`, `city`, `country`, `created_at`, `customer_id`, `email`, `name`, `phone`, `state`, `updated_at`, `zip`) VALUES ('fdsfs', NULL, NULL, NULL, '2012-11-05 14:51:42', NULL, NULL, 'sfsdfsd', NULL, NULL, '2012-11-05 14:51:42', NULL)[0m
  [1m[35m (0.3ms)[0m  COMMIT
  Rendered orders/create.json.rabl (0.3ms)
Completed 200 OK in 53ms (Views: 1.4ms | ActiveRecord: 47.8ms)


Started POST "/orders/" for 127.0.0.1 at 2012-11-05 19:06:59 +0400
Processing by OrdersController#create as */*
  Parameters: {"stripe_customer_id"=>"cus_0gCrWfFez2jAMy", "name"=>"sfsdfsd", "address1"=>"fdsfs"}
  [1m[36mUser Load (13.1ms)[0m  [1mSELECT `users`.* FROM `users` WHERE `users`.`stripe_customer_id` = 'cus_0gCrWfFez2jAMy' LIMIT 1[0m
  [1m[35m (0.1ms)[0m  BEGIN
  [1m[36mSQL (18.4ms)[0m  [1mINSERT INTO `orders` (`address1`, `address2`, `city`, `country`, `created_at`, `customer_id`, `email`, `name`, `phone`, `state`, `updated_at`, `zip`) VALUES ('fdsfs', NULL, NULL, NULL, '2012-11-05 15:06:59', NULL, NULL, 'sfsdfsd', NULL, NULL, '2012-11-05 15:06:59', NULL)[0m
  [1m[35m (0.6ms)[0m  COMMIT
  [1m[36m (0.1ms)[0m  [1mBEGIN[0m
DEPRECATION WARNING: You're trying to create an attribute `user_id'. Writing arbitrary attributes on a model is deprecated. Please just use `attr_writer` etc. (called from create at /Users/ryan/dev/tp/app/controllers/orders_controller.rb:10)
  [1m[35m (25.8ms)[0m  UPDATE `orders` SET `updated_at` = '2012-11-05 15:06:59' WHERE `orders`.`id` = 4
  [1m[36m (0.4ms)[0m  [1mCOMMIT[0m
  Rendered orders/create.json.rabl (0.8ms)
Completed 200 OK in 112ms (Views: 2.2ms | ActiveRecord: 88.4ms)
  [1m[36m (91.8ms)[0m  [1mDROP DATABASE IF EXISTS `tp_development`[0m
  [1m[35m (0.3ms)[0m  DROP DATABASE IF EXISTS `tp_test`
  [1m[36m (0.2ms)[0m  [1mCREATE DATABASE `tp_development` DEFAULT CHARACTER SET `utf8` COLLATE `utf8_unicode_ci`[0m
  [1m[35m (0.2ms)[0m  CREATE DATABASE `tp_test` DEFAULT CHARACTER SET `utf8` COLLATE `utf8_unicode_ci`
  [1m[36m (120.5ms)[0m  [1mCREATE TABLE `items` (`id` int(11) DEFAULT NULL auto_increment PRIMARY KEY, `order_id` int(11), `sku` varchar(255), `quantity` int(11)) ENGINE=InnoDB[0m
  [1m[35m (141.9ms)[0m  CREATE INDEX `index_items_on_order_id` ON `items` (`order_id`)
  [1m[36m (137.4ms)[0m  [1mCREATE TABLE `orders` (`id` int(11) DEFAULT NULL auto_increment PRIMARY KEY, `customer_id` varchar(255), `name` varchar(255), `address1` varchar(255), `address2` varchar(255), `city` varchar(255), `state` varchar(255), `country` varchar(255), `zip` varchar(255), `phone` varchar(255), `email` varchar(255), `created_at` datetime NOT NULL, `updated_at` datetime NOT NULL) ENGINE=InnoDB[0m
  [1m[35m (184.7ms)[0m  CREATE TABLE `users` (`id` int(11) DEFAULT NULL auto_increment PRIMARY KEY, `stripe_customer_id` varchar(255)) ENGINE=InnoDB
  [1m[36m (155.8ms)[0m  [1mCREATE INDEX `index_users_on_stripe_customer_id` ON `users` (`stripe_customer_id`)[0m
  [1m[35m (99.9ms)[0m  CREATE TABLE `schema_migrations` (`version` varchar(255) NOT NULL) ENGINE=InnoDB
  [1m[36m (144.0ms)[0m  [1mCREATE UNIQUE INDEX `unique_schema_migrations` ON `schema_migrations` (`version`)[0m
  [1m[35m (0.1ms)[0m  SELECT version FROM `schema_migrations`
  [1m[36m (0.4ms)[0m  [1mINSERT INTO `schema_migrations` (version) VALUES ('20121105130214')[0m
  [1m[35m (0.6ms)[0m  INSERT INTO `schema_migrations` (version) VALUES ('20120601212031')
  [1m[36m (0.4ms)[0m  [1mINSERT INTO `schema_migrations` (version) VALUES ('20121105115543')[0m
  [1m[35m (0.1ms)[0m  SELECT `schema_migrations`.`version` FROM `schema_migrations` 
  [1m[36m (48.0ms)[0m  [1mCREATE TABLE `schema_migrations` (`version` varchar(255) NOT NULL) ENGINE=InnoDB[0m
  [1m[35m (232.8ms)[0m  CREATE UNIQUE INDEX `unique_schema_migrations` ON `schema_migrations` (`version`)
  [1m[36m (0.2ms)[0m  [1mSELECT `schema_migrations`.`version` FROM `schema_migrations` [0m
Migrating to CreateOrdersTable (20120601212031)
  [1m[35m (111.1ms)[0m  CREATE TABLE `orders` (`id` int(11) DEFAULT NULL auto_increment PRIMARY KEY, `user_id` int(11), `stripe_customer_id` varchar(255), `name` varchar(255), `address1` varchar(255), `address2` varchar(255), `city` varchar(255), `state` varchar(255), `country` varchar(255), `zip` varchar(255), `phone` varchar(255), `email` varchar(255), `created_at` datetime NOT NULL, `updated_at` datetime NOT NULL) ENGINE=InnoDB
  [1m[36m (134.3ms)[0m  [1mCREATE INDEX `index_orders_on_user_id` ON `orders` (`user_id`)[0m
  [1m[35m (83.9ms)[0m  CREATE INDEX `index_orders_on_stripe_customer_id` ON `orders` (`stripe_customer_id`)
  [1m[36m (0.4ms)[0m  [1mINSERT INTO `schema_migrations` (`version`) VALUES ('20120601212031')[0m
Migrating to CreateItemsTable (20121105115543)
  [1m[35m (120.8ms)[0m  CREATE TABLE `items` (`id` int(11) DEFAULT NULL auto_increment PRIMARY KEY, `order_id` int(11), `sku` varchar(255), `quantity` int(11)) ENGINE=InnoDB
  [1m[36m (144.0ms)[0m  [1mCREATE INDEX `index_items_on_order_id` ON `items` (`order_id`)[0m
  [1m[35m (0.9ms)[0m  INSERT INTO `schema_migrations` (`version`) VALUES ('20121105115543')
Migrating to CreateUsersTable (20121105130214)
  [1m[36m (105.1ms)[0m  [1mCREATE TABLE `users` (`id` int(11) DEFAULT NULL auto_increment PRIMARY KEY, `stripe_customer_id` varchar(255)) ENGINE=InnoDB[0m
  [1m[35m (155.4ms)[0m  CREATE INDEX `index_users_on_stripe_customer_id` ON `users` (`stripe_customer_id`)
  [1m[36m (3.8ms)[0m  [1mINSERT INTO `schema_migrations` (`version`) VALUES ('20121105130214')[0m
  [1m[35m (0.2ms)[0m  SELECT `schema_migrations`.`version` FROM `schema_migrations` 


Started POST "/orders/" for 127.0.0.1 at 2012-11-05 19:17:23 +0400
Processing by OrdersController#create as */*
  Parameters: {"stripe_customer_id"=>"cus_0gCrWfFez2jAMy", "name"=>"sfsdfsd", "address1"=>"fdsfs"}
  [1m[35mUser Load (0.2ms)[0m  SELECT `users`.* FROM `users` WHERE `users`.`stripe_customer_id` = 'cus_0gCrWfFez2jAMy' LIMIT 1
  [1m[36m (0.1ms)[0m  [1mBEGIN[0m
  [1m[35mSQL (29.7ms)[0m  INSERT INTO `users` (`stripe_customer_id`) VALUES ('cus_0gCrWfFez2jAMy')
  [1m[36m (0.4ms)[0m  [1mCOMMIT[0m
  [1m[35m (0.1ms)[0m  BEGIN
  [1m[36mSQL (10.3ms)[0m  [1mINSERT INTO `orders` (`address1`, `address2`, `city`, `country`, `created_at`, `email`, `name`, `phone`, `state`, `stripe_customer_id`, `updated_at`, `user_id`, `zip`) VALUES ('fdsfs', NULL, NULL, NULL, '2012-11-05 15:17:23', NULL, 'sfsdfsd', NULL, NULL, NULL, '2012-11-05 15:17:23', NULL, NULL)[0m
  [1m[35m (0.4ms)[0m  COMMIT
  [1m[36m (0.1ms)[0m  [1mBEGIN[0m
  [1m[35m (0.3ms)[0m  UPDATE `orders` SET `user_id` = 1, `updated_at` = '2012-11-05 15:17:23' WHERE `orders`.`id` = 1
  [1m[36m (0.8ms)[0m  [1mCOMMIT[0m
  Rendered orders/create.json.rabl (1.0ms)
Completed 200 OK in 75ms (Views: 2.9ms | ActiveRecord: 46.8ms)


Started POST "/orders/" for 127.0.0.1 at 2012-11-05 19:23:14 +0400
Processing by OrdersController#create as */*
  Parameters: {"name"=>"sfsdfsd", "country"=>"United States", "address1"=>"fdsfs", "city"=>"fsdfds", "stripe_customer_id"=>"cus_0gCrWfFez2jAMy", "zip"=>"dsf"}
  [1m[35mUser Load (0.3ms)[0m  SELECT `users`.* FROM `users` WHERE `users`.`stripe_customer_id` = 'cus_0gCrWfFez2jAMy' LIMIT 1
  [1m[36m (0.1ms)[0m  [1mBEGIN[0m
  [1m[35mSQL (37.8ms)[0m  INSERT INTO `orders` (`address1`, `address2`, `city`, `country`, `created_at`, `email`, `name`, `phone`, `state`, `stripe_customer_id`, `updated_at`, `user_id`, `zip`) VALUES ('fdsfs', NULL, 'fsdfds', 'United States', '2012-11-05 15:23:14', NULL, 'sfsdfsd', NULL, NULL, NULL, '2012-11-05 15:23:14', NULL, NULL)
  [1m[36m (0.4ms)[0m  [1mCOMMIT[0m
  [1m[35m (0.0ms)[0m  BEGIN
  [1m[36m (0.3ms)[0m  [1mUPDATE `orders` SET `user_id` = 1, `updated_at` = '2012-11-05 15:23:14' WHERE `orders`.`id` = 2[0m
  [1m[35m (0.4ms)[0m  COMMIT
  Rendered orders/create.json.rabl (0.4ms)
Completed 200 OK in 46ms (Views: 1.9ms | ActiveRecord: 39.4ms)


Started POST "/orders/" for 127.0.0.1 at 2012-11-05 19:28:20 +0400
Processing by OrdersController#create as */*
  Parameters: {"stripe_customer_id"=>"cus_0gCrWfFez2jAMy", "city"=>"fsdfds", "name"=>"sfsdfsd", "sku"=>"PREMIUM", "quantity"=>"2", "zip"=>"dsf", "state"=>"dsf", "country"=>"United States", "address1"=>"fdsfs"}
  [1m[36mUser Load (0.2ms)[0m  [1mSELECT `users`.* FROM `users` WHERE `users`.`stripe_customer_id` = 'cus_0gCrWfFez2jAMy' LIMIT 1[0m
Completed 500 Internal Server Error in 22ms

NameError (undefined local variable or method `prams' for #<OrdersController:0x007f8efb8b9908>):
  app/controllers/orders_controller.rb:8:in `create'


  Rendered /Users/ryan/.rvm/gems/ruby-1.9.3-p194/gems/actionpack-3.2.3/lib/action_dispatch/middleware/templates/rescues/_trace.erb (1.8ms)
  Rendered /Users/ryan/.rvm/gems/ruby-1.9.3-p194/gems/actionpack-3.2.3/lib/action_dispatch/middleware/templates/rescues/_request_and_response.erb (0.9ms)
  Rendered /Users/ryan/.rvm/gems/ruby-1.9.3-p194/gems/actionpack-3.2.3/lib/action_dispatch/middleware/templates/rescues/diagnostics.erb within rescues/layout (16.7ms)


Started POST "/orders/" for 127.0.0.1 at 2012-11-05 19:29:28 +0400
Processing by OrdersController#create as */*
  Parameters: {"stripe_customer_id"=>"cus_0gCrWfFez2jAMy", "city"=>"fsdfds", "name"=>"sfsdfsd", "sku"=>"PREMIUM", "quantity"=>"2", "zip"=>"dsf", "state"=>"dsf", "country"=>"United States", "address1"=>"fdsfs"}
  [1m[35mUser Load (0.2ms)[0m  SELECT `users`.* FROM `users` WHERE `users`.`stripe_customer_id` = 'cus_0gCrWfFez2jAMy' LIMIT 1
Completed 500 Internal Server Error in 20ms

ActiveRecord::RecordNotSaved (You cannot call create unless the parent is saved):
  app/controllers/orders_controller.rb:8:in `create'


  Rendered /Users/ryan/.rvm/gems/ruby-1.9.3-p194/gems/actionpack-3.2.3/lib/action_dispatch/middleware/templates/rescues/_trace.erb (1.9ms)
  Rendered /Users/ryan/.rvm/gems/ruby-1.9.3-p194/gems/actionpack-3.2.3/lib/action_dispatch/middleware/templates/rescues/_request_and_response.erb (0.7ms)
  Rendered /Users/ryan/.rvm/gems/ruby-1.9.3-p194/gems/actionpack-3.2.3/lib/action_dispatch/middleware/templates/rescues/diagnostics.erb within rescues/layout (8.5ms)


Started POST "/orders/" for 127.0.0.1 at 2012-11-05 19:29:48 +0400
Processing by OrdersController#create as */*
  Parameters: {"stripe_customer_id"=>"cus_0gCrWfFez2jAMy", "city"=>"fsdfds", "name"=>"sfsdfsd", "sku"=>"PREMIUM", "quantity"=>"2", "zip"=>"dsf", "state"=>"dsf", "country"=>"United States", "address1"=>"fdsfs"}
  [1m[36mUser Load (0.2ms)[0m  [1mSELECT `users`.* FROM `users` WHERE `users`.`stripe_customer_id` = 'cus_0gCrWfFez2jAMy' LIMIT 1[0m
  [1m[35m (0.2ms)[0m  BEGIN
  [1m[36mSQL (25.1ms)[0m  [1mINSERT INTO `orders` (`address1`, `address2`, `city`, `country`, `created_at`, `email`, `name`, `phone`, `state`, `stripe_customer_id`, `updated_at`, `user_id`, `zip`) VALUES ('fdsfs', NULL, 'fsdfds', 'United States', '2012-11-05 15:29:48', NULL, 'sfsdfsd', NULL, 'dsf', NULL, '2012-11-05 15:29:48', NULL, 'dsf')[0m
  [1m[35m (0.4ms)[0m  COMMIT
Completed 500 Internal Server Error in 51ms

LoadError (Expected /Users/ryan/dev/tp/app/models/item.rb to define Item):
  app/controllers/orders_controller.rb:9:in `create'


  Rendered /Users/ryan/.rvm/gems/ruby-1.9.3-p194/gems/actionpack-3.2.3/lib/action_dispatch/middleware/templates/rescues/_trace.erb (2.2ms)
  Rendered /Users/ryan/.rvm/gems/ruby-1.9.3-p194/gems/actionpack-3.2.3/lib/action_dispatch/middleware/templates/rescues/_request_and_response.erb (0.7ms)
  Rendered /Users/ryan/.rvm/gems/ruby-1.9.3-p194/gems/actionpack-3.2.3/lib/action_dispatch/middleware/templates/rescues/diagnostics.erb within rescues/layout (9.0ms)


Started POST "/orders/" for 127.0.0.1 at 2012-11-05 19:30:12 +0400
Processing by OrdersController#create as */*
  Parameters: {"stripe_customer_id"=>"cus_0gCrWfFez2jAMy", "city"=>"fsdfds", "name"=>"sfsdfsd", "sku"=>"PREMIUM", "quantity"=>"2", "zip"=>"dsf", "state"=>"dsf", "country"=>"United States", "address1"=>"fdsfs"}
  [1m[36mUser Load (0.2ms)[0m  [1mSELECT `users`.* FROM `users` WHERE `users`.`stripe_customer_id` = 'cus_0gCrWfFez2jAMy' LIMIT 1[0m
  [1m[35m (0.1ms)[0m  BEGIN
  [1m[36mSQL (31.2ms)[0m  [1mINSERT INTO `orders` (`address1`, `address2`, `city`, `country`, `created_at`, `email`, `name`, `phone`, `state`, `stripe_customer_id`, `updated_at`, `user_id`, `zip`) VALUES ('fdsfs', NULL, 'fsdfds', 'United States', '2012-11-05 15:30:12', NULL, 'sfsdfsd', NULL, 'dsf', NULL, '2012-11-05 15:30:12', NULL, 'dsf')[0m
  [1m[35m (0.5ms)[0m  COMMIT
  [1m[36m (0.1ms)[0m  [1mBEGIN[0m
  [1m[35m (0.0ms)[0m  ROLLBACK
Completed 500 Internal Server Error in 61ms

ActiveModel::MassAssignmentSecurity::Error (Can't mass-assign protected attributes: sku, quantity):
  app/controllers/orders_controller.rb:9:in `create'


  Rendered /Users/ryan/.rvm/gems/ruby-1.9.3-p194/gems/actionpack-3.2.3/lib/action_dispatch/middleware/templates/rescues/_trace.erb (2.1ms)
  Rendered /Users/ryan/.rvm/gems/ruby-1.9.3-p194/gems/actionpack-3.2.3/lib/action_dispatch/middleware/templates/rescues/_request_and_response.erb (0.7ms)
  Rendered /Users/ryan/.rvm/gems/ruby-1.9.3-p194/gems/actionpack-3.2.3/lib/action_dispatch/middleware/templates/rescues/diagnostics.erb within rescues/layout (32.5ms)


Started POST "/orders/" for 127.0.0.1 at 2012-11-05 19:30:57 +0400
Processing by OrdersController#create as */*
  Parameters: {"stripe_customer_id"=>"cus_0gCrWfFez2jAMy", "city"=>"fsdfds", "name"=>"sfsdfsd", "sku"=>"PREMIUM", "quantity"=>"2", "zip"=>"dsf", "state"=>"dsf", "country"=>"United States", "address1"=>"fdsfs"}
  [1m[36mUser Load (0.2ms)[0m  [1mSELECT `users`.* FROM `users` WHERE `users`.`stripe_customer_id` = 'cus_0gCrWfFez2jAMy' LIMIT 1[0m
  [1m[35m (0.1ms)[0m  BEGIN
  [1m[36mSQL (29.7ms)[0m  [1mINSERT INTO `orders` (`address1`, `address2`, `city`, `country`, `created_at`, `email`, `name`, `phone`, `state`, `stripe_customer_id`, `updated_at`, `user_id`, `zip`) VALUES ('fdsfs', NULL, 'fsdfds', 'United States', '2012-11-05 15:30:57', NULL, 'sfsdfsd', NULL, 'dsf', NULL, '2012-11-05 15:30:57', NULL, 'dsf')[0m
  [1m[35m (0.7ms)[0m  COMMIT
  [1m[36m (0.1ms)[0m  [1mBEGIN[0m
  [1m[35mSQL (0.2ms)[0m  INSERT INTO `items` (`order_id`, `quantity`, `sku`) VALUES (5, 2, 'PREMIUM')
  [1m[36m (5.9ms)[0m  [1mCOMMIT[0m
  [1m[35m (0.1ms)[0m  BEGIN
  [1m[36m (0.3ms)[0m  [1mUPDATE `orders` SET `user_id` = 1, `updated_at` = '2012-11-05 15:30:57' WHERE `orders`.`id` = 5[0m
  [1m[35m (0.5ms)[0m  COMMIT
  Rendered orders/create.json.rabl (0.7ms)
Completed 200 OK in 98ms (Views: 2.0ms | ActiveRecord: 43.9ms)
